{"target": 107.44326633222406, "params": {"CXPB": 0.1834044009405148, "INDPB": 0.7482920440979423, "LAMBDA": 5.0280218302494974, "MUTPB": 0.28139954357910385, "NUM_KRILL": 40.95519325019269, "PARSIMONY_SIZE": 1.1738708758150382, "SELECTION_SIZE": 3.4900816910213672}, "datetime": {"datetime": "2023-04-30 19:48:12", "elapsed": 0.0, "delta": 0.0}}
{"target": 45.41660511904777, "params": {"CXPB": 0.16911214540860955, "INDPB": 0.457090726807603, "LAMBDA": 137.01009983082244, "MUTPB": 0.3515167086419769, "NUM_KRILL": 172.87877759720607, "PARSIMONY_SIZE": 1.263561799785214, "SELECTION_SIZE": 9.024939491127563}, "datetime": {"datetime": "2023-04-30 19:55:58", "elapsed": 466.035258, "delta": 466.035258}}
{"target": 132.62661488728975, "params": {"CXPB": 0.10547751863958524, "INDPB": 0.703420759160562, "LAMBDA": 107.2396765799461, "MUTPB": 0.43521389706745095, "NUM_KRILL": 39.394799955832276, "PARSIMONY_SIZE": 1.258481191267903, "SELECTION_SIZE": 8.405956549404294}, "datetime": {"datetime": "2023-04-30 19:59:13", "elapsed": 660.863939, "delta": 194.828681}}
{"target": 18.220582763699724, "params": {"CXPB": 0.29365231514387946, "INDPB": 0.38208176034331853, "LAMBDA": 174.61904083898196, "MUTPB": 0.6258334913776229, "NUM_KRILL": 224.1786325584426, "PARSIMONY_SIZE": 1.1680353690958225, "SELECTION_SIZE": 2.312438265863059}, "datetime": {"datetime": "2023-04-30 22:20:20", "elapsed": 9127.560575, "delta": 8466.696636}}
{"target": 33.12494059673931, "params": {"CXPB": 0.13396608391291379, "INDPB": 0.8903282530864718, "LAMBDA": 29.094974289097273, "MUTPB": 0.3526645750030313, "NUM_KRILL": 239.68293488687297, "PARSIMONY_SIZE": 1.5265322279784137, "SELECTION_SIZE": 7.535016911603787}, "datetime": {"datetime": "2023-04-30 22:28:48", "elapsed": 9636.280887, "delta": 508.720312}}
{"target": 162.68629314153762, "params": {"CXPB": 0.1, "INDPB": 1.0, "LAMBDA": 250.0, "MUTPB": 0.1, "NUM_KRILL": 5.0, "PARSIMONY_SIZE": 1.9, "SELECTION_SIZE": 10.0}, "datetime": {"datetime": "2023-04-30 22:30:48", "elapsed": 9755.622195, "delta": 119.341308}}
{"target": 223.61559098339208, "params": {"CXPB": 0.2, "INDPB": 1.0, "LAMBDA": 186.0183982471393, "MUTPB": 0.1, "NUM_KRILL": 5.0, "PARSIMONY_SIZE": 1.9, "SELECTION_SIZE": 6.96}, "datetime": {"datetime": "2023-04-30 22:33:11", "elapsed": 9898.492825, "delta": 142.87063}}
{"target": 68.62441896873624, "params": {"CXPB": 0.25, "INDPB": 1.0, "LAMBDA": 200.5818744782512, "MUTPB": 0.1, "NUM_KRILL": 58.23224704930227, "PARSIMONY_SIZE": 1.9, "SELECTION_SIZE": 4.8566662043455935}, "datetime": {"datetime": "2023-04-30 22:37:23", "elapsed": 10150.695417, "delta": 252.202592}}
{"target": 163.4034510906319, "params": {"CXPB": 0.15000000000000002, "INDPB": 0.72298, "LAMBDA": 152.81928801293697, "MUTPB": 0.1, "NUM_KRILL": 5.0, "PARSIMONY_SIZE": 1.9, "SELECTION_SIZE": 8.853000416088966}, "datetime": {"datetime": "2023-04-30 22:39:08", "elapsed": 10255.616637, "delta": 104.92122}}
{"target": 82.38663535646033, "params": {"CXPB": 0.25, "INDPB": 0.750682, "LAMBDA": 212.26931339207098, "MUTPB": 0.266212, "NUM_KRILL": 5.0, "PARSIMONY_SIZE": 1.6783839999999999, "SELECTION_SIZE": 5.256299625519931}, "datetime": {"datetime": "2023-04-30 22:43:00", "elapsed": 10488.438111, "delta": 232.821474}}
{"target": 139.28337415210137, "params": {"CXPB": 0.1541843777883482, "INDPB": 0.997625427232107, "LAMBDA": 185.0785102958519, "MUTPB": 0.18910424880227925, "NUM_KRILL": 5.381654074981417, "PARSIMONY_SIZE": 1.855824372099255, "SELECTION_SIZE": 7.66636559034788}, "datetime": {"datetime": "2023-04-30 22:46:03", "elapsed": 10671.477995, "delta": 183.039884}}
{"target": 171.39386587782028, "params": {"CXPB": 0.21163426522381473, "INDPB": 0.8798675265788501, "LAMBDA": 186.5807076848823, "MUTPB": 0.23119042311446497, "NUM_KRILL": 5.109018629384397, "PARSIMONY_SIZE": 1.7998971807127864, "SELECTION_SIZE": 7.257289244826517}, "datetime": {"datetime": "2023-04-30 22:49:17", "elapsed": 10865.005939, "delta": 193.527944}}
{"target": 189.10923103189612, "params": {"CXPB": 0.1531911133242104, "INDPB": 0.841260675744751, "LAMBDA": 185.03318604648922, "MUTPB": 0.17353187253443791, "NUM_KRILL": 5.846396364953717, "PARSIMONY_SIZE": 1.8576991237601836, "SELECTION_SIZE": 6.303139931896288}, "datetime": {"datetime": "2023-04-30 22:52:01", "elapsed": 11028.641779, "delta": 163.63584}}
{"target": 135.96516403106452, "params": {"CXPB": 0.24371187043030829, "INDPB": 0.870335222128336, "LAMBDA": 185.98120184426472, "MUTPB": 0.18940422444545962, "NUM_KRILL": 5.523379689061185, "PARSIMONY_SIZE": 1.8937763668324632, "SELECTION_SIZE": 6.384082678454115}, "datetime": {"datetime": "2023-04-30 22:54:43", "elapsed": 11191.298816, "delta": 162.657037}}
{"target": 73.67442353485905, "params": {"CXPB": 0.1620487883205976, "INDPB": 0.905603432870107, "LAMBDA": 184.211508171173, "MUTPB": 0.1506437085890097, "NUM_KRILL": 6.032674125693331, "PARSIMONY_SIZE": 1.8587146101518504, "SELECTION_SIZE": 6.028252199603586}, "datetime": {"datetime": "2023-04-30 22:57:11", "elapsed": 11339.343031, "delta": 148.044215}}
{"target": 220.60305641658363, "params": {"CXPB": 0.15000000000000002, "INDPB": 1.0, "LAMBDA": 185.8729859041803, "MUTPB": 0.1, "NUM_KRILL": 5.305977211354747, "PARSIMONY_SIZE": 1.782224171344, "SELECTION_SIZE": 7.274242232282202}, "datetime": {"datetime": "2023-04-30 22:59:11", "elapsed": 11458.838925, "delta": 119.495894}}
{"target": 171.00636456474123, "params": {"CXPB": 0.16172659665584221, "INDPB": 0.9652421403766676, "LAMBDA": 185.7848850515161, "MUTPB": 0.12335957194621236, "NUM_KRILL": 6.20217985699303, "PARSIMONY_SIZE": 1.880459415560983, "SELECTION_SIZE": 7.131182025367129}, "datetime": {"datetime": "2023-04-30 23:01:20", "elapsed": 11587.497786, "delta": 128.658861}}
{"target": 230.43264831858292, "params": {"CXPB": 0.15000000000000002, "INDPB": 1.0, "LAMBDA": 185.33609373722567, "MUTPB": 0.1, "NUM_KRILL": 5.0, "PARSIMONY_SIZE": 1.7999999999999998, "SELECTION_SIZE": 6.799796051632067}, "datetime": {"datetime": "2023-04-30 23:04:09", "elapsed": 11756.960533, "delta": 169.462747}}
{"target": 223.33458813319578, "params": {"CXPB": 0.10000000000000002, "INDPB": 0.9, "LAMBDA": 185.60677057572673, "MUTPB": 0.1, "NUM_KRILL": 7.663622135214606, "PARSIMONY_SIZE": 1.7191414209097757, "SELECTION_SIZE": 6.75605418785216}, "datetime": {"datetime": "2023-04-30 23:06:01", "elapsed": 11869.249908, "delta": 112.289375}}
{"target": 179.2171554824548, "params": {"CXPB": 0.10000000000000002, "INDPB": 1.0, "LAMBDA": 186.1395469961759, "MUTPB": 0.1, "NUM_KRILL": 7.986439774615299, "PARSIMONY_SIZE": 1.7272272788187983, "SELECTION_SIZE": 7.386630462927007}, "datetime": {"datetime": "2023-04-30 23:07:52", "elapsed": 11979.509895, "delta": 110.259987}}
{"target": 190.4102510849914, "params": {"CXPB": 0.10000000000000002, "INDPB": 0.9, "LAMBDA": 185.5848957597602, "MUTPB": 0.1, "NUM_KRILL": 8.442002264062548, "PARSIMONY_SIZE": 1.7345045509369184, "SELECTION_SIZE": 6.271645081466621}, "datetime": {"datetime": "2023-04-30 23:09:52", "elapsed": 12100.296433, "delta": 120.786538}}
{"target": 167.13398687279883, "params": {"CXPB": 0.10000000000000002, "INDPB": 0.9, "LAMBDA": 184.84776397969304, "MUTPB": 0.1, "NUM_KRILL": 8.035706967986211, "PARSIMONY_SIZE": 1.7410540958432266, "SELECTION_SIZE": 7.179761171257771}, "datetime": {"datetime": "2023-04-30 23:12:00", "elapsed": 12227.635705, "delta": 127.339272}}
{"target": 230.2504225702943, "params": {"CXPB": 0.10000000000000002, "INDPB": 0.9, "LAMBDA": 186.42066395425218, "MUTPB": 0.1, "NUM_KRILL": 7.543937596112061, "PARSIMONY_SIZE": 1.7469486862589039, "SELECTION_SIZE": 6.371993765798056}, "datetime": {"datetime": "2023-04-30 23:13:56", "elapsed": 12344.294198, "delta": 116.658493}}
{"target": 90.81218829944436, "params": {"CXPB": 0.10000000000000002, "INDPB": 0.9, "LAMBDA": 187.135495674426, "MUTPB": 0.2, "NUM_KRILL": 8.327474964165754, "PARSIMONY_SIZE": 1.7499999999999998, "SELECTION_SIZE": 6.4147739943814575}, "datetime": {"datetime": "2023-04-30 23:16:13", "elapsed": 12481.244707, "delta": 136.950509}}
{"target": 145.58895453435494, "params": {"CXPB": 0.10430382898725267, "INDPB": 0.9424292788692218, "LAMBDA": 186.06993653295453, "MUTPB": 0.1328700498765179, "NUM_KRILL": 7.120195737304421, "PARSIMONY_SIZE": 1.7936884971700908, "SELECTION_SIZE": 6.635060112575471}, "datetime": {"datetime": "2023-04-30 23:18:16", "elapsed": 12603.69718, "delta": 122.452473}}
{"target": 206.47209987823985, "params": {"CXPB": 0.2, "INDPB": 1.0, "LAMBDA": 186.06273555677456, "MUTPB": 0.1, "NUM_KRILL": 7.9588967322137165, "PARSIMONY_SIZE": 1.7499999999999998, "SELECTION_SIZE": 6.487928185259073}, "datetime": {"datetime": "2023-04-30 23:20:14", "elapsed": 12722.400911, "delta": 118.703731}}
{"target": 182.3320288741289, "params": {"CXPB": 0.1027575004348896, "INDPB": 0.9454778513233609, "LAMBDA": 189.01042813287546, "MUTPB": 0.1190856900842714, "NUM_KRILL": 12.602765800957979, "PARSIMONY_SIZE": 1.7841190094354769, "SELECTION_SIZE": 6.97988691148613}, "datetime": {"datetime": "2023-04-30 23:22:16", "elapsed": 12844.248301, "delta": 121.84739}}
{"target": 123.456882108723, "params": {"CXPB": 0.11946712262320568, "INDPB": 0.9748329353365591, "LAMBDA": 185.1281405828462, "MUTPB": 0.18947567226671233, "NUM_KRILL": 7.417935456679196, "PARSIMONY_SIZE": 1.7961320840136872, "SELECTION_SIZE": 6.582741298918807}, "datetime": {"datetime": "2023-04-30 23:24:31", "elapsed": 12978.69221, "delta": 134.443909}}
{"target": 170.8832789711232, "params": {"CXPB": 0.10000000000000002, "INDPB": 0.9, "LAMBDA": 185.5957713914358, "MUTPB": 0.1, "NUM_KRILL": 8.223933694181524, "PARSIMONY_SIZE": 1.7499999999999998, "SELECTION_SIZE": 6.963680663333814}, "datetime": {"datetime": "2023-04-30 23:26:28", "elapsed": 13096.210436, "delta": 117.518226}}
{"target": 183.86907614835403, "params": {"CXPB": 0.10766178180212307, "INDPB": 0.9061871852826494, "LAMBDA": 188.89959457624428, "MUTPB": 0.1534711756729254, "NUM_KRILL": 12.595448996283583, "PARSIMONY_SIZE": 1.7875370575913612, "SELECTION_SIZE": 6.95228786183546}, "datetime": {"datetime": "2023-04-30 23:28:44", "elapsed": 13232.389178, "delta": 136.178742}}
{"target": 206.2747112081301, "params": {"CXPB": 0.12326770495004839, "INDPB": 0.9834835670226248, "LAMBDA": 185.4150532597756, "MUTPB": 0.11667191703474107, "NUM_KRILL": 5.529056599365766, "PARSIMONY_SIZE": 1.7525023692788597, "SELECTION_SIZE": 6.8656602162885525}, "datetime": {"datetime": "2023-04-30 23:30:55", "elapsed": 13363.055867, "delta": 130.666689}}
{"target": 142.87543744049697, "params": {"CXPB": 0.12325923558990133, "INDPB": 0.962618661033031, "LAMBDA": 184.65549247586756, "MUTPB": 0.12641899110087362, "NUM_KRILL": 5.0909868483863026, "PARSIMONY_SIZE": 1.7965570995399351, "SELECTION_SIZE": 6.712561327973793}, "datetime": {"datetime": "2023-04-30 23:34:39", "elapsed": 13587.017302, "delta": 223.961435}}
{"target": 174.3015770584483, "params": {"CXPB": 0.17456462173841997, "INDPB": 0.9477609965495148, "LAMBDA": 186.9782209247491, "MUTPB": 0.12226861039425226, "NUM_KRILL": 7.2391590952174845, "PARSIMONY_SIZE": 1.8377349956334383, "SELECTION_SIZE": 6.69430280499183}, "datetime": {"datetime": "2023-04-30 23:36:52", "elapsed": 13719.851845, "delta": 132.834543}}
{"target": 162.4342944173097, "params": {"CXPB": 0.17610199174705915, "INDPB": 0.966243730507463, "LAMBDA": 182.3174519750793, "MUTPB": 0.1821219055228997, "NUM_KRILL": 8.46320246436592, "PARSIMONY_SIZE": 1.7648740741519198, "SELECTION_SIZE": 6.919829675581731}, "datetime": {"datetime": "2023-04-30 23:39:04", "elapsed": 13851.767898, "delta": 131.916053}}
{"target": 161.43866970893828, "params": {"CXPB": 0.1631490452327519, "INDPB": 0.9829240084505892, "LAMBDA": 187.50162762462406, "MUTPB": 0.18475969398486333, "NUM_KRILL": 6.818507339744815, "PARSIMONY_SIZE": 1.802601563340544, "SELECTION_SIZE": 6.719682262394805}, "datetime": {"datetime": "2023-04-30 23:41:53", "elapsed": 14020.77129, "delta": 169.003392}}
{"target": 213.80160992839865, "params": {"CXPB": 0.10000000000000002, "INDPB": 0.9, "LAMBDA": 184.62260899508985, "MUTPB": 0.1, "NUM_KRILL": 9.237520381441719, "PARSIMONY_SIZE": 1.7499999999999998, "SELECTION_SIZE": 6.691054450467816}, "datetime": {"datetime": "2023-04-30 23:43:49", "elapsed": 14136.495548, "delta": 115.724258}}
{"target": 191.53567009011647, "params": {"CXPB": 0.10000000000000002, "INDPB": 0.9, "LAMBDA": 183.93942998737555, "MUTPB": 0.1, "NUM_KRILL": 8.946616835422631, "PARSIMONY_SIZE": 1.7499999999999998, "SELECTION_SIZE": 6.7019286105842415}, "datetime": {"datetime": "2023-04-30 23:45:50", "elapsed": 14258.40139, "delta": 121.905842}}
{"target": 178.7935869013268, "params": {"CXPB": 0.10000000000000002, "INDPB": 0.9, "LAMBDA": 185.68132962387438, "MUTPB": 0.2, "NUM_KRILL": 5.0, "PARSIMONY_SIZE": 1.7499999999999998, "SELECTION_SIZE": 6.887876748575111}, "datetime": {"datetime": "2023-04-30 23:49:01", "elapsed": 14448.501807, "delta": 190.100417}}
{"target": 141.07463850610281, "params": {"CXPB": 0.12019904317491685, "INDPB": 0.9813994425501352, "LAMBDA": 183.4766624151764, "MUTPB": 0.1515489015507147, "NUM_KRILL": 5.493172441935303, "PARSIMONY_SIZE": 1.8023888126762009, "SELECTION_SIZE": 6.762103467566636}, "datetime": {"datetime": "2023-04-30 23:51:42", "elapsed": 14610.21774, "delta": 161.715933}}
{"target": 96.53036096023732, "params": {"CXPB": 0.11404439320744951, "INDPB": 0.9014206473525493, "LAMBDA": 186.3750490335719, "MUTPB": 0.11570631367103223, "NUM_KRILL": 7.736042593305427, "PARSIMONY_SIZE": 1.8253958344401828, "SELECTION_SIZE": 6.78820502560657}, "datetime": {"datetime": "2023-04-30 23:54:02", "elapsed": 14749.74321, "delta": 139.52547}}
{"target": 248.6202547415929, "params": {"CXPB": 0.10000000000000002, "INDPB": 1.0, "LAMBDA": 186.12442973628842, "MUTPB": 0.1, "NUM_KRILL": 5.3215641441123385, "PARSIMONY_SIZE": 1.7499999999999998, "SELECTION_SIZE": 6.864006879703545}, "datetime": {"datetime": "2023-04-30 23:56:13", "elapsed": 14880.883605, "delta": 131.140395}}
{"target": 101.40447576036112, "params": {"CXPB": 0.19707464336704972, "INDPB": 1.0, "LAMBDA": 185.9127989357909, "MUTPB": 0.1, "NUM_KRILL": 5.536599887301811, "PARSIMONY_SIZE": 1.6999999999999997, "SELECTION_SIZE": 6.9185860835643025}, "datetime": {"datetime": "2023-05-01 00:00:09", "elapsed": 15116.874287, "delta": 235.990682}}
{"target": 175.00781926740288, "params": {"CXPB": 0.09736717903034472, "INDPB": 0.9953384144776078, "LAMBDA": 186.17894824885772, "MUTPB": 0.10648065406374485, "NUM_KRILL": 5.143167331030169, "PARSIMONY_SIZE": 1.7876857535589878, "SELECTION_SIZE": 6.914006879703545}, "datetime": {"datetime": "2023-05-01 00:03:08", "elapsed": 15295.513312, "delta": 178.639025}}
{"target": 203.5634783754539, "params": {"CXPB": 0.1848485019409199, "INDPB": 0.9116938762765306, "LAMBDA": 185.6061401494664, "MUTPB": 0.16298603671430056, "NUM_KRILL": 5.487392640397081, "PARSIMONY_SIZE": 1.761161103305084, "SELECTION_SIZE": 6.817378251145401}, "datetime": {"datetime": "2023-05-01 00:05:41", "elapsed": 15448.495511, "delta": 152.982199}}
{"target": 213.76377324091033, "params": {"CXPB": 0.1243112882306, "INDPB": 1.0, "LAMBDA": 185.99028241537013, "MUTPB": 0.1, "NUM_KRILL": 5.242594184078645, "PARSIMONY_SIZE": 1.7999999999999998, "SELECTION_SIZE": 6.874394646413447}, "datetime": {"datetime": "2023-05-01 00:08:26", "elapsed": 15613.488544, "delta": 164.993033}}
{"target": 141.7827677012706, "params": {"CXPB": 0.11445355737976344, "INDPB": 0.9956454811114268, "LAMBDA": 185.97084254281006, "MUTPB": 0.11567007384679, "NUM_KRILL": 5.220962097527244, "PARSIMONY_SIZE": 1.783113722935487, "SELECTION_SIZE": 6.858286066562461}, "datetime": {"datetime": "2023-05-01 00:11:06", "elapsed": 15774.293414, "delta": 160.80487}}
{"target": 122.40249370840262, "params": {"CXPB": 0.18596636487916246, "INDPB": 0.9021735306564347, "LAMBDA": 186.04540457425324, "MUTPB": 0.14264333262396045, "NUM_KRILL": 5.722996462190327, "PARSIMONY_SIZE": 1.7458860707631898, "SELECTION_SIZE": 6.90017206341221}, "datetime": {"datetime": "2023-05-01 00:13:33", "elapsed": 15921.219108, "delta": 146.925694}}
{"target": 150.7673477980202, "params": {"CXPB": 0.14271756972166547, "INDPB": 0.9596208309366445, "LAMBDA": 186.42716035862688, "MUTPB": 0.1938589596986275, "NUM_KRILL": 5.0856115023381046, "PARSIMONY_SIZE": 1.7331836419594464, "SELECTION_SIZE": 6.85654142985199}, "datetime": {"datetime": "2023-05-01 00:17:09", "elapsed": 16137.267413, "delta": 216.048305}}
{"target": 93.16570410044619, "params": {"CXPB": 0.17508435488803126, "INDPB": 0.9891107604595939, "LAMBDA": 185.23334129514822, "MUTPB": 0.17967594231661127, "NUM_KRILL": 6.376983967846424, "PARSIMONY_SIZE": 1.7658830564636465, "SELECTION_SIZE": 6.858127599671721}, "datetime": {"datetime": "2023-05-01 00:19:42", "elapsed": 16289.55336, "delta": 152.285947}}
{"target": 159.6150916030643, "params": {"CXPB": 0.11403710606454899, "INDPB": 0.9895277603098488, "LAMBDA": 186.95745120620154, "MUTPB": 0.1959634547906586, "NUM_KRILL": 6.07196118410853, "PARSIMONY_SIZE": 1.7117714852849548, "SELECTION_SIZE": 6.820130316399301}, "datetime": {"datetime": "2023-05-01 00:21:49", "elapsed": 16416.643381, "delta": 127.090021}}
{"target": 203.82006262384112, "params": {"CXPB": 0.15756913981605528, "INDPB": 0.9687520945762864, "LAMBDA": 186.05581086996676, "MUTPB": 0.1415552518492912, "NUM_KRILL": 5.4530894741222316, "PARSIMONY_SIZE": 1.759922307786162, "SELECTION_SIZE": 6.910769923972015}, "datetime": {"datetime": "2023-05-01 00:23:50", "elapsed": 16538.26384, "delta": 121.620459}}
{"target": 154.19944900655727, "params": {"CXPB": 0.19105891933708233, "INDPB": 0.965418050978746, "LAMBDA": 186.0992150062999, "MUTPB": 0.1988784676020921, "NUM_KRILL": 5.780649706378837, "PARSIMONY_SIZE": 1.7639928146232409, "SELECTION_SIZE": 6.900187014546533}, "datetime": {"datetime": "2023-05-01 00:27:45", "elapsed": 16772.735473, "delta": 234.471633}}
{"target": 183.0204590547709, "params": {"CXPB": 0.14823757714387878, "INDPB": 0.9746794664418339, "LAMBDA": 185.87740191493995, "MUTPB": 0.17331966197508997, "NUM_KRILL": 5.257821901962725, "PARSIMONY_SIZE": 1.775891041610177, "SELECTION_SIZE": 6.8402894722817535}, "datetime": {"datetime": "2023-05-01 00:32:17", "elapsed": 17044.673032, "delta": 271.937559}}
{"target": 138.04572468946466, "params": {"CXPB": 0.1413442799646784, "INDPB": 0.9969537938736002, "LAMBDA": 186.32204660938203, "MUTPB": 0.18982496151426542, "NUM_KRILL": 5.929905725245961, "PARSIMONY_SIZE": 1.7788125650556916, "SELECTION_SIZE": 6.840686394415567}, "datetime": {"datetime": "2023-05-01 00:35:20", "elapsed": 17228.015817, "delta": 183.342785}}
{"target": 170.4297200758112, "params": {"CXPB": 0.16064774111610808, "INDPB": 0.9253515482132003, "LAMBDA": 185.8019050613539, "MUTPB": 0.11625463520810284, "NUM_KRILL": 5.515935819205959, "PARSIMONY_SIZE": 1.760693732753499, "SELECTION_SIZE": 6.861484014287039}, "datetime": {"datetime": "2023-05-01 00:37:25", "elapsed": 17353.271289, "delta": 125.255472}}
